[INFO][test.go:9]2018/09/15 21:50:45 [test]
[INFO][test.go:9]2018/09/15 21:52:44 [info test]
[INFO][article.go:67]2018/09/15 22:06:57 [state 状态只允许0或1]
[INFO][article.go:67]2018/09/15 22:06:57 [tag_id 标签ID必须大于0]
[INFO][article.go:69]2018/09/15 22:14:41 [state 状态只允许0或1]
[INFO][article.go:69]2018/09/15 22:14:41 [tag_id 标签ID必须大于0]
[INFO][article.go:69]2018/09/15 22:16:27 [state 状态只允许0或1]
[INFO][article.go:69]2018/09/15 22:16:27 [tag_id 标签ID必须大于0]
[INFO][article.go:70]2018/09/15 22:22:43 [hello world]
[INFO][article.go:70]2018/09/15 22:22:43 [hello world]
[INFO][article.go:70]2018/09/15 22:23:18 [hello world]
[INFO][article.go:70]2018/09/15 22:23:18 [hello world]
[INFO][article.go:69]2018/09/15 22:23:55 [state 状态只允许0或1]
[INFO][article.go:69]2018/09/15 22:23:55 [tag_id 标签ID必须大于0]
[INFO][article.go:68]2018/09/15 22:24:26 [state 状态只允许0或1]
[INFO][article.go:68]2018/09/15 22:24:26 [tag_id 标签ID必须大于0]
[INFO][auth.go:39]2018/09/15 23:04:30 [Username.Required Can not be empty]
[INFO][auth.go:39]2018/09/15 23:04:30 [Password.Required Can not be empty]
[INFO][auth.go:39]2018/09/15 23:04:53 [Username.Required Can not be empty]
[INFO][auth.go:39]2018/09/15 23:04:53 [Password.Required Can not be empty]
[INFO][auth.go:39]2018/09/15 23:05:21 [Password.Required Can not be empty]
[INFO][auth.go:39]2018/09/15 23:06:20 [Password.Required Can not be empty]
[INFO][auth.go:39]2018/09/15 23:12:46 [Password.Required Can not be empty]
